<?xml version="1.0" encoding="UTF-8"?>
<testng-results skipped="0" failed="0" ignored="0" total="1" passed="1">
  <reporter-output>
  </reporter-output>
  <suite name="Default suite" duration-ms="106105" started-at="2018-11-24T03:11:12Z" finished-at="2018-11-24T03:12:58Z">
    <groups>
    </groups>
    <test name="Default test" duration-ms="106105" started-at="2018-11-24T03:11:12Z" finished-at="2018-11-24T03:12:58Z">
      <class name="testcases_homepage.homepage">
        <test-method status="PASS" signature="home()[pri:0, instance:testcases_homepage.homepage@482f8f11]" name="home" duration-ms="106063" started-at="2018-11-24T03:11:12Z" finished-at="2018-11-24T03:12:58Z">
          <reporter-output>
          </reporter-output>
        </test-method> <!-- home -->
      </class> <!-- testcases_homepage.homepage -->
    </test> <!-- Default test -->
  </suite> <!-- Default suite -->
</testng-results>
